<?xml version="1.0" encoding="UTF-8" ?>
<testsuites disabled="0" errors="0" failures="0" tests="7" time="6.69">
 <testsuite name="fx-deals app" timestamp="2021-09-15T23:38:09" hostname="localhost" time="3.691" errors="0" tests="0" skipped="0" disabled="0" failures="0">
 </testsuite>
 <testsuite name="fx-deals app.Initial page" timestamp="2021-09-15T23:38:10" hostname="localhost" time="2.999" errors="0" tests="7" skipped="0" disabled="0" failures="0">
  <testcase classname="fx-deals app.Initial page" name="has title FxDeals" time="2.98" />
  <testcase classname="fx-deals app.Initial page" name="has page heading Fx Deals" time="0.003" />
  <testcase classname="fx-deals app.Initial page" name="has search component stamped in dom" time="0.001" />
  <testcase classname="fx-deals app.Initial page" name="has search component stamped in dom" time="0.002" />
  <testcase classname="fx-deals app.Initial page" name="has create deal button stamped in dom" time="0.005" />
  <testcase classname="fx-deals app.Initial page" name="has dialog closed initially" time="0.002" />
  <testcase classname="fx-deals app.Initial page" name="opens dialog when create button is clicked" time="0.005" />
 </testsuite>
</testsuites>